     [echo] build logged to build_16-08-2015_(23-30-13).log
init:  duration 0 seconds

setClassPath:
[pathconvert] Set property test.classpath = C:\Users\Anjeli Vinod\workspace\IMDb:C:\Users\Anjeli Vinod\workspace\IMDb\lib\SaxonLiaison.jar:C:\Users\Anjeli Vinod\workspace\IMDb\lib\activation.jar:C:\Users\Anjeli Vinod\workspace\IMDb\lib\apache-mime4j-0.6.jar:C:\Users\Anjeli Vinod\workspace\IMDb\lib\bcpkix-jdk15on-1.48.jar:C:\Users\Anjeli Vinod\workspace\IMDb\lib\bcprov-jdk15on-1.48.jar:C:\Users\Anjeli Vinod\workspace\IMDb\lib\bsh-1.3.0.jar:C:\Users\Anjeli Vinod\workspace\IMDb\lib\cglib-nodep-2.1_3.jar:C:\Users\Anjeli Vinod\workspace\IMDb\lib\commons-codec-1.9.jar:C:\Users\Anjeli Vinod\workspace\IMDb\lib\commons-collections-3.2.1.jar:C:\Users\Anjeli Vinod\workspace\IMDb\lib\commons-el-1.0.jar:C:\Users\Anjeli Vinod\workspace\IMDb\lib\commons-exec-1.1.jar:C:\Users\Anjeli Vinod\workspace\IMDb\lib\commons-io-2.4.jar:C:\Users\Anjeli Vinod\workspace\IMDb\lib\commons-jxpath-1.3.jar:C:\Users\Anjeli Vinod\workspace\IMDb\lib\commons-lang3-3.3.2.jar:C:\Users\Anjeli Vinod\workspace\IMDb\lib\commons-logging-1.1.3.jar:C:\Users\Anjeli Vinod\workspace\IMDb\lib\cssparser-0.9.14.jar:C:\Users\Anjeli Vinod\workspace\IMDb\lib\gson-2.1.jar:C:\Users\Anjeli Vinod\workspace\IMDb\lib\guava-15.0.jar:C:\Users\Anjeli Vinod\workspace\IMDb\lib\hamcrest-core-1.3.jar:C:\Users\Anjeli Vinod\workspace\IMDb\lib\hamcrest-library-1.3.jar:C:\Users\Anjeli Vinod\workspace\IMDb\lib\htmlunit-2.15.jar:C:\Users\Anjeli Vinod\workspace\IMDb\lib\htmlunit-core-js-2.15.jar:C:\Users\Anjeli Vinod\workspace\IMDb\lib\httpclient-4.3.4.jar:C:\Users\Anjeli Vinod\workspace\IMDb\lib\httpcore-4.3.2.jar:C:\Users\Anjeli Vinod\workspace\IMDb\lib\httpmime-4.3.4.jar:C:\Users\Anjeli Vinod\workspace\IMDb\lib\ini4j-0.5.2.jar:C:\Users\Anjeli Vinod\workspace\IMDb\lib\jasper-compiler-5.5.15.jar:C:\Users\Anjeli Vinod\workspace\IMDb\lib\jasper-compiler-jdt-5.5.15.jar:C:\Users\Anjeli Vinod\workspace\IMDb\lib\jasper-runtime-5.5.15.jar:C:\Users\Anjeli Vinod\workspace\IMDb\lib\java-mail-1.4.4.jar:C:\Users\Anjeli Vinod\workspace\IMDb\lib\javamail-mailapi-1.4.jar:C:\Users\Anjeli Vinod\workspace\IMDb\lib\javax.activation.jar:C:\Users\Anjeli Vinod\workspace\IMDb\lib\javax.mail.jar:C:\Users\Anjeli Vinod\workspace\IMDb\lib\jcip-annotations-1.0.jar:C:\Users\Anjeli Vinod\workspace\IMDb\lib\jcommander-1.29.jar:C:\Users\Anjeli Vinod\workspace\IMDb\lib\jersey-bundle-1.19.jar:C:\Users\Anjeli Vinod\workspace\IMDb\lib\jetty-repacked-5.jar:C:\Users\Anjeli Vinod\workspace\IMDb\lib\jetty-repacked-7.6.1.jar:C:\Users\Anjeli Vinod\workspace\IMDb\lib\jetty-websocket-8.1.8.jar:C:\Users\Anjeli Vinod\workspace\IMDb\lib\jna-3.4.0.jar:C:\Users\Anjeli Vinod\workspace\IMDb\lib\jna-platform-3.4.0.jar:C:\Users\Anjeli Vinod\workspace\IMDb\lib\json-20080701.jar:C:\Users\Anjeli Vinod\workspace\IMDb\lib\json-simple-1.1.1.jar:C:\Users\Anjeli Vinod\workspace\IMDb\lib\jsp-api-2.0.jar:C:\Users\Anjeli Vinod\workspace\IMDb\lib\junit-dep-4.11.jar:C:\Users\Anjeli Vinod\workspace\IMDb\lib\jxl.jar:C:\Users\Anjeli Vinod\workspace\IMDb\lib\log4j-1.2.17.jar:C:\Users\Anjeli Vinod\workspace\IMDb\lib\mail.jar:C:\Users\Anjeli Vinod\workspace\IMDb\lib\mx4j-tools-3.0.1.jar:C:\Users\Anjeli Vinod\workspace\IMDb\lib\nekohtml-1.9.21.jar:C:\Users\Anjeli Vinod\workspace\IMDb\lib\netty-3.5.7.Final.jar:C:\Users\Anjeli Vinod\workspace\IMDb\lib\operadriver-1.5.jar:C:\Users\Anjeli Vinod\workspace\IMDb\lib\phantomjsdriver-1.1.0.jar:C:\Users\Anjeli Vinod\workspace\IMDb\lib\protobuf-java-2.4.1.jar:C:\Users\Anjeli Vinod\workspace\IMDb\lib\sac-1.3.jar:C:\Users\Anjeli Vinod\workspace\IMDb\lib\saxon-8.7.jar:C:\Users\Anjeli Vinod\workspace\IMDb\lib\selenium-server-2.43.1-srcs.jar:C:\Users\Anjeli Vinod\workspace\IMDb\lib\selenium-server-2.43.1.jar:C:\Users\Anjeli Vinod\workspace\IMDb\lib\selenium-server-standalone-2.43.1.jar:C:\Users\Anjeli Vinod\workspace\IMDb\lib\serializer-2.7.1.jar:C:\Users\Anjeli Vinod\workspace\IMDb\lib\servlet-api-2.5-6.1.9.jar:C:\Users\Anjeli Vinod\workspace\IMDb\lib\snakeyaml-1.8.jar:C:\Users\Anjeli Vinod\workspace\IMDb\lib\testng-6.8.5.jar:C:\Users\Anjeli Vinod\workspace\IMDb\lib\xalan-2.7.1.jar:C:\Users\Anjeli Vinod\workspace\IMDb\lib\xercesImpl-2.11.0.jar:C:\Users\Anjeli Vinod\workspace\IMDb\lib\xml-apis-1.4.01.jar
setClassPath:  duration 0 seconds

loadTestNG:
loadTestNG:  duration 0 seconds

compile:
     [echo] classpath:C:\Users\Anjeli Vinod\workspace\IMDb:C:\Users\Anjeli Vinod\workspace\IMDb\lib\SaxonLiaison.jar:C:\Users\Anjeli Vinod\workspace\IMDb\lib\activation.jar:C:\Users\Anjeli Vinod\workspace\IMDb\lib\apache-mime4j-0.6.jar:C:\Users\Anjeli Vinod\workspace\IMDb\lib\bcpkix-jdk15on-1.48.jar:C:\Users\Anjeli Vinod\workspace\IMDb\lib\bcprov-jdk15on-1.48.jar:C:\Users\Anjeli Vinod\workspace\IMDb\lib\bsh-1.3.0.jar:C:\Users\Anjeli Vinod\workspace\IMDb\lib\cglib-nodep-2.1_3.jar:C:\Users\Anjeli Vinod\workspace\IMDb\lib\commons-codec-1.9.jar:C:\Users\Anjeli Vinod\workspace\IMDb\lib\commons-collections-3.2.1.jar:C:\Users\Anjeli Vinod\workspace\IMDb\lib\commons-el-1.0.jar:C:\Users\Anjeli Vinod\workspace\IMDb\lib\commons-exec-1.1.jar:C:\Users\Anjeli Vinod\workspace\IMDb\lib\commons-io-2.4.jar:C:\Users\Anjeli Vinod\workspace\IMDb\lib\commons-jxpath-1.3.jar:C:\Users\Anjeli Vinod\workspace\IMDb\lib\commons-lang3-3.3.2.jar:C:\Users\Anjeli Vinod\workspace\IMDb\lib\commons-logging-1.1.3.jar:C:\Users\Anjeli Vinod\workspace\IMDb\lib\cssparser-0.9.14.jar:C:\Users\Anjeli Vinod\workspace\IMDb\lib\gson-2.1.jar:C:\Users\Anjeli Vinod\workspace\IMDb\lib\guava-15.0.jar:C:\Users\Anjeli Vinod\workspace\IMDb\lib\hamcrest-core-1.3.jar:C:\Users\Anjeli Vinod\workspace\IMDb\lib\hamcrest-library-1.3.jar:C:\Users\Anjeli Vinod\workspace\IMDb\lib\htmlunit-2.15.jar:C:\Users\Anjeli Vinod\workspace\IMDb\lib\htmlunit-core-js-2.15.jar:C:\Users\Anjeli Vinod\workspace\IMDb\lib\httpclient-4.3.4.jar:C:\Users\Anjeli Vinod\workspace\IMDb\lib\httpcore-4.3.2.jar:C:\Users\Anjeli Vinod\workspace\IMDb\lib\httpmime-4.3.4.jar:C:\Users\Anjeli Vinod\workspace\IMDb\lib\ini4j-0.5.2.jar:C:\Users\Anjeli Vinod\workspace\IMDb\lib\jasper-compiler-5.5.15.jar:C:\Users\Anjeli Vinod\workspace\IMDb\lib\jasper-compiler-jdt-5.5.15.jar:C:\Users\Anjeli Vinod\workspace\IMDb\lib\jasper-runtime-5.5.15.jar:C:\Users\Anjeli Vinod\workspace\IMDb\lib\java-mail-1.4.4.jar:C:\Users\Anjeli Vinod\workspace\IMDb\lib\javamail-mailapi-1.4.jar:C:\Users\Anjeli Vinod\workspace\IMDb\lib\javax.activation.jar:C:\Users\Anjeli Vinod\workspace\IMDb\lib\javax.mail.jar:C:\Users\Anjeli Vinod\workspace\IMDb\lib\jcip-annotations-1.0.jar:C:\Users\Anjeli Vinod\workspace\IMDb\lib\jcommander-1.29.jar:C:\Users\Anjeli Vinod\workspace\IMDb\lib\jersey-bundle-1.19.jar:C:\Users\Anjeli Vinod\workspace\IMDb\lib\jetty-repacked-5.jar:C:\Users\Anjeli Vinod\workspace\IMDb\lib\jetty-repacked-7.6.1.jar:C:\Users\Anjeli Vinod\workspace\IMDb\lib\jetty-websocket-8.1.8.jar:C:\Users\Anjeli Vinod\workspace\IMDb\lib\jna-3.4.0.jar:C:\Users\Anjeli Vinod\workspace\IMDb\lib\jna-platform-3.4.0.jar:C:\Users\Anjeli Vinod\workspace\IMDb\lib\json-20080701.jar:C:\Users\Anjeli Vinod\workspace\IMDb\lib\json-simple-1.1.1.jar:C:\Users\Anjeli Vinod\workspace\IMDb\lib\jsp-api-2.0.jar:C:\Users\Anjeli Vinod\workspace\IMDb\lib\junit-dep-4.11.jar:C:\Users\Anjeli Vinod\workspace\IMDb\lib\jxl.jar:C:\Users\Anjeli Vinod\workspace\IMDb\lib\log4j-1.2.17.jar:C:\Users\Anjeli Vinod\workspace\IMDb\lib\mail.jar:C:\Users\Anjeli Vinod\workspace\IMDb\lib\mx4j-tools-3.0.1.jar:C:\Users\Anjeli Vinod\workspace\IMDb\lib\nekohtml-1.9.21.jar:C:\Users\Anjeli Vinod\workspace\IMDb\lib\netty-3.5.7.Final.jar:C:\Users\Anjeli Vinod\workspace\IMDb\lib\operadriver-1.5.jar:C:\Users\Anjeli Vinod\workspace\IMDb\lib\phantomjsdriver-1.1.0.jar:C:\Users\Anjeli Vinod\workspace\IMDb\lib\protobuf-java-2.4.1.jar:C:\Users\Anjeli Vinod\workspace\IMDb\lib\sac-1.3.jar:C:\Users\Anjeli Vinod\workspace\IMDb\lib\saxon-8.7.jar:C:\Users\Anjeli Vinod\workspace\IMDb\lib\selenium-server-2.43.1-srcs.jar:C:\Users\Anjeli Vinod\workspace\IMDb\lib\selenium-server-2.43.1.jar:C:\Users\Anjeli Vinod\workspace\IMDb\lib\selenium-server-standalone-2.43.1.jar:C:\Users\Anjeli Vinod\workspace\IMDb\lib\serializer-2.7.1.jar:C:\Users\Anjeli Vinod\workspace\IMDb\lib\servlet-api-2.5-6.1.9.jar:C:\Users\Anjeli Vinod\workspace\IMDb\lib\snakeyaml-1.8.jar:C:\Users\Anjeli Vinod\workspace\IMDb\lib\testng-6.8.5.jar:C:\Users\Anjeli Vinod\workspace\IMDb\lib\xalan-2.7.1.jar:C:\Users\Anjeli Vinod\workspace\IMDb\lib\xercesImpl-2.11.0.jar:C:\Users\Anjeli Vinod\workspace\IMDb\lib\xml-apis-1.4.01.jar
     [echo] compiling..........
    [javac] C:\Users\Anjeli Vinod\workspace\IMDb\build.xml:33: warning: 'includeantruntime' was not set, defaulting to build.sysclasspath=last; set to false for repeatable builds
    [javac] C:\Users\Anjeli Vinod\workspace\IMDb\src\chromedriver.exe skipped - don't know how to handle it
    [javac] com\fyber\common\utils\Logging.java added as com\fyber\common\utils\Logging.class doesn't exist.
    [javac] com\fyber\imdb\testClasses\BaseTest.java added as com\fyber\imdb\testClasses\BaseTest.class doesn't exist.
    [javac] com\fyber\imdb\testClasses\ImdbTest.java added as com\fyber\imdb\testClasses\ImdbTest.class doesn't exist.
    [javac] com\fyber\imdb\utils\IMDbChartsPage.java added as com\fyber\imdb\utils\IMDbChartsPage.class doesn't exist.
    [javac] com\fyber\imdb\utils\LocatorsandConstants.java added as com\fyber\imdb\utils\LocatorsandConstants.class doesn't exist.
    [javac] C:\Users\Anjeli Vinod\workspace\IMDb\src\testng.xml skipped - don't know how to handle it
    [javac] C:\Users\Anjeli Vinod\workspace\IMDb\src\xslt\testng-results.xsl skipped - don't know how to handle it
    [javac] Compiling 5 source files to C:\Users\Anjeli Vinod\workspace\IMDb\build
    [javac] Using modern compiler
    [javac] Compilation arguments:
'-d'
'C:\Users\Anjeli Vinod\workspace\IMDb\build'
'-classpath'
'C:\Users\Anjeli Vinod\workspace\IMDb\build;C:\Users\Anjeli Vinod\workspace\IMDb;C:\Users\Anjeli Vinod\workspace\IMDb\lib\SaxonLiaison.jar;C:\Users\Anjeli Vinod\workspace\IMDb\lib\activation.jar;C:\Users\Anjeli Vinod\workspace\IMDb\lib\apache-mime4j-0.6.jar;C:\Users\Anjeli Vinod\workspace\IMDb\lib\bcpkix-jdk15on-1.48.jar;C:\Users\Anjeli Vinod\workspace\IMDb\lib\bcprov-jdk15on-1.48.jar;C:\Users\Anjeli Vinod\workspace\IMDb\lib\bsh-1.3.0.jar;C:\Users\Anjeli Vinod\workspace\IMDb\lib\cglib-nodep-2.1_3.jar;C:\Users\Anjeli Vinod\workspace\IMDb\lib\commons-codec-1.9.jar;C:\Users\Anjeli Vinod\workspace\IMDb\lib\commons-collections-3.2.1.jar;C:\Users\Anjeli Vinod\workspace\IMDb\lib\commons-el-1.0.jar;C:\Users\Anjeli Vinod\workspace\IMDb\lib\commons-exec-1.1.jar;C:\Users\Anjeli Vinod\workspace\IMDb\lib\commons-io-2.4.jar;C:\Users\Anjeli Vinod\workspace\IMDb\lib\commons-jxpath-1.3.jar;C:\Users\Anjeli Vinod\workspace\IMDb\lib\commons-lang3-3.3.2.jar;C:\Users\Anjeli Vinod\workspace\IMDb\lib\commons-logging-1.1.3.jar;C:\Users\Anjeli Vinod\workspace\IMDb\lib\cssparser-0.9.14.jar;C:\Users\Anjeli Vinod\workspace\IMDb\lib\gson-2.1.jar;C:\Users\Anjeli Vinod\workspace\IMDb\lib\guava-15.0.jar;C:\Users\Anjeli Vinod\workspace\IMDb\lib\hamcrest-core-1.3.jar;C:\Users\Anjeli Vinod\workspace\IMDb\lib\hamcrest-library-1.3.jar;C:\Users\Anjeli Vinod\workspace\IMDb\lib\htmlunit-2.15.jar;C:\Users\Anjeli Vinod\workspace\IMDb\lib\htmlunit-core-js-2.15.jar;C:\Users\Anjeli Vinod\workspace\IMDb\lib\httpclient-4.3.4.jar;C:\Users\Anjeli Vinod\workspace\IMDb\lib\httpcore-4.3.2.jar;C:\Users\Anjeli Vinod\workspace\IMDb\lib\httpmime-4.3.4.jar;C:\Users\Anjeli Vinod\workspace\IMDb\lib\ini4j-0.5.2.jar;C:\Users\Anjeli Vinod\workspace\IMDb\lib\jasper-compiler-5.5.15.jar;C:\Users\Anjeli Vinod\workspace\IMDb\lib\jasper-compiler-jdt-5.5.15.jar;C:\Users\Anjeli Vinod\workspace\IMDb\lib\jasper-runtime-5.5.15.jar;C:\Users\Anjeli Vinod\workspace\IMDb\lib\java-mail-1.4.4.jar;C:\Users\Anjeli Vinod\workspace\IMDb\lib\javamail-mailapi-1.4.jar;C:\Users\Anjeli Vinod\workspace\IMDb\lib\javax.activation.jar;C:\Users\Anjeli Vinod\workspace\IMDb\lib\javax.mail.jar;C:\Users\Anjeli Vinod\workspace\IMDb\lib\jcip-annotations-1.0.jar;C:\Users\Anjeli Vinod\workspace\IMDb\lib\jcommander-1.29.jar;C:\Users\Anjeli Vinod\workspace\IMDb\lib\jersey-bundle-1.19.jar;C:\Users\Anjeli Vinod\workspace\IMDb\lib\jetty-repacked-5.jar;C:\Users\Anjeli Vinod\workspace\IMDb\lib\jetty-repacked-7.6.1.jar;C:\Users\Anjeli Vinod\workspace\IMDb\lib\jetty-websocket-8.1.8.jar;C:\Users\Anjeli Vinod\workspace\IMDb\lib\jna-3.4.0.jar;C:\Users\Anjeli Vinod\workspace\IMDb\lib\jna-platform-3.4.0.jar;C:\Users\Anjeli Vinod\workspace\IMDb\lib\json-20080701.jar;C:\Users\Anjeli Vinod\workspace\IMDb\lib\json-simple-1.1.1.jar;C:\Users\Anjeli Vinod\workspace\IMDb\lib\jsp-api-2.0.jar;C:\Users\Anjeli Vinod\workspace\IMDb\lib\junit-dep-4.11.jar;C:\Users\Anjeli Vinod\workspace\IMDb\lib\jxl.jar;C:\Users\Anjeli Vinod\workspace\IMDb\lib\log4j-1.2.17.jar;C:\Users\Anjeli Vinod\workspace\IMDb\lib\mail.jar;C:\Users\Anjeli Vinod\workspace\IMDb\lib\mx4j-tools-3.0.1.jar;C:\Users\Anjeli Vinod\workspace\IMDb\lib\nekohtml-1.9.21.jar;C:\Users\Anjeli Vinod\workspace\IMDb\lib\netty-3.5.7.Final.jar;C:\Users\Anjeli Vinod\workspace\IMDb\lib\operadriver-1.5.jar;C:\Users\Anjeli Vinod\workspace\IMDb\lib\phantomjsdriver-1.1.0.jar;C:\Users\Anjeli Vinod\workspace\IMDb\lib\protobuf-java-2.4.1.jar;C:\Users\Anjeli Vinod\workspace\IMDb\lib\sac-1.3.jar;C:\Users\Anjeli Vinod\workspace\IMDb\lib\saxon-8.7.jar;C:\Users\Anjeli Vinod\workspace\IMDb\lib\selenium-server-2.43.1-srcs.jar;C:\Users\Anjeli Vinod\workspace\IMDb\lib\selenium-server-2.43.1.jar;C:\Users\Anjeli Vinod\workspace\IMDb\lib\selenium-server-standalone-2.43.1.jar;C:\Users\Anjeli Vinod\workspace\IMDb\lib\serializer-2.7.1.jar;C:\Users\Anjeli Vinod\workspace\IMDb\lib\servlet-api-2.5-6.1.9.jar;C:\Users\Anjeli Vinod\workspace\IMDb\lib\snakeyaml-1.8.jar;C:\Users\Anjeli Vinod\workspace\IMDb\lib\testng-6.8.5.jar;C:\Users\Anjeli Vinod\workspace\IMDb\lib\xalan-2.7.1.jar;C:\Users\Anjeli Vinod\workspace\IMDb\lib\xercesImpl-2.11.0.jar;C:\Users\Anjeli Vinod\workspace\IMDb\lib\xml-apis-1.4.01.jar;C:\Users\Anjeli Vinod\Downloads\apache-ant-1.9.6-bin\apache-ant-1.9.6\lib\ant-launcher.jar;C:\Users\Anjeli Vinod\Downloads\apache-ant-1.9.6-bin\apache-ant-1.9.6\lib\ant-antlr.jar;C:\Users\Anjeli Vinod\Downloads\apache-ant-1.9.6-bin\apache-ant-1.9.6\lib\ant-apache-bcel.jar;C:\Users\Anjeli Vinod\Downloads\apache-ant-1.9.6-bin\apache-ant-1.9.6\lib\ant-apache-bsf.jar;C:\Users\Anjeli Vinod\Downloads\apache-ant-1.9.6-bin\apache-ant-1.9.6\lib\ant-apache-log4j.jar;C:\Users\Anjeli Vinod\Downloads\apache-ant-1.9.6-bin\apache-ant-1.9.6\lib\ant-apache-oro.jar;C:\Users\Anjeli Vinod\Downloads\apache-ant-1.9.6-bin\apache-ant-1.9.6\lib\ant-apache-regexp.jar;C:\Users\Anjeli Vinod\Downloads\apache-ant-1.9.6-bin\apache-ant-1.9.6\lib\ant-apache-resolver.jar;C:\Users\Anjeli Vinod\Downloads\apache-ant-1.9.6-bin\apache-ant-1.9.6\lib\ant-apache-xalan2.jar;C:\Users\Anjeli Vinod\Downloads\apache-ant-1.9.6-bin\apache-ant-1.9.6\lib\ant-commons-logging.jar;C:\Users\Anjeli Vinod\Downloads\apache-ant-1.9.6-bin\apache-ant-1.9.6\lib\ant-commons-net.jar;C:\Users\Anjeli Vinod\Downloads\apache-ant-1.9.6-bin\apache-ant-1.9.6\lib\ant-jai.jar;C:\Users\Anjeli Vinod\Downloads\apache-ant-1.9.6-bin\apache-ant-1.9.6\lib\ant-javamail.jar;C:\Users\Anjeli Vinod\Downloads\apache-ant-1.9.6-bin\apache-ant-1.9.6\lib\ant-jdepend.jar;C:\Users\Anjeli Vinod\Downloads\apache-ant-1.9.6-bin\apache-ant-1.9.6\lib\ant-jmf.jar;C:\Users\Anjeli Vinod\Downloads\apache-ant-1.9.6-bin\apache-ant-1.9.6\lib\ant-jsch.jar;C:\Users\Anjeli Vinod\Downloads\apache-ant-1.9.6-bin\apache-ant-1.9.6\lib\ant-junit.jar;C:\Users\Anjeli Vinod\Downloads\apache-ant-1.9.6-bin\apache-ant-1.9.6\lib\ant-junit4.jar;C:\Users\Anjeli Vinod\Downloads\apache-ant-1.9.6-bin\apache-ant-1.9.6\lib\ant-netrexx.jar;C:\Users\Anjeli Vinod\Downloads\apache-ant-1.9.6-bin\apache-ant-1.9.6\lib\ant-swing.jar;C:\Users\Anjeli Vinod\Downloads\apache-ant-1.9.6-bin\apache-ant-1.9.6\lib\ant-testutil.jar;C:\Users\Anjeli Vinod\Downloads\apache-ant-1.9.6-bin\apache-ant-1.9.6\lib\ant.jar;C:\Program Files\Java\jdk1.7.0_79\lib\tools.jar'
'-sourcepath'
'C:\Users\Anjeli Vinod\workspace\IMDb\src'
'-g:none'

The ' characters around the executable and arguments are
not part of the command.
    [javac] Files to be compiled:
    C:\Users\Anjeli Vinod\workspace\IMDb\src\com\fyber\common\utils\Logging.java
    C:\Users\Anjeli Vinod\workspace\IMDb\src\com\fyber\imdb\testClasses\BaseTest.java
    C:\Users\Anjeli Vinod\workspace\IMDb\src\com\fyber\imdb\testClasses\ImdbTest.java
    C:\Users\Anjeli Vinod\workspace\IMDb\src\com\fyber\imdb\utils\IMDbChartsPage.java
    C:\Users\Anjeli Vinod\workspace\IMDb\src\com\fyber\imdb\utils\LocatorsandConstants.java
compile:  duration 1 second

runTests:
   [testng] Executing 'C:\Program Files\Java\jdk1.7.0_79\jre\bin\java.exe' with arguments:
'-ea'
'-classpath'
'C:\Users\Anjeli Vinod\workspace\IMDb;C:\Users\Anjeli Vinod\workspace\IMDb\lib\SaxonLiaison.jar;C:\Users\Anjeli Vinod\workspace\IMDb\lib\activation.jar;C:\Users\Anjeli Vinod\workspace\IMDb\lib\apache-mime4j-0.6.jar;C:\Users\Anjeli Vinod\workspace\IMDb\lib\bcpkix-jdk15on-1.48.jar;C:\Users\Anjeli Vinod\workspace\IMDb\lib\bcprov-jdk15on-1.48.jar;C:\Users\Anjeli Vinod\workspace\IMDb\lib\bsh-1.3.0.jar;C:\Users\Anjeli Vinod\workspace\IMDb\lib\cglib-nodep-2.1_3.jar;C:\Users\Anjeli Vinod\workspace\IMDb\lib\commons-codec-1.9.jar;C:\Users\Anjeli Vinod\workspace\IMDb\lib\commons-collections-3.2.1.jar;C:\Users\Anjeli Vinod\workspace\IMDb\lib\commons-el-1.0.jar;C:\Users\Anjeli Vinod\workspace\IMDb\lib\commons-exec-1.1.jar;C:\Users\Anjeli Vinod\workspace\IMDb\lib\commons-io-2.4.jar;C:\Users\Anjeli Vinod\workspace\IMDb\lib\commons-jxpath-1.3.jar;C:\Users\Anjeli Vinod\workspace\IMDb\lib\commons-lang3-3.3.2.jar;C:\Users\Anjeli Vinod\workspace\IMDb\lib\commons-logging-1.1.3.jar;C:\Users\Anjeli Vinod\workspace\IMDb\lib\cssparser-0.9.14.jar;C:\Users\Anjeli Vinod\workspace\IMDb\lib\gson-2.1.jar;C:\Users\Anjeli Vinod\workspace\IMDb\lib\guava-15.0.jar;C:\Users\Anjeli Vinod\workspace\IMDb\lib\hamcrest-core-1.3.jar;C:\Users\Anjeli Vinod\workspace\IMDb\lib\hamcrest-library-1.3.jar;C:\Users\Anjeli Vinod\workspace\IMDb\lib\htmlunit-2.15.jar;C:\Users\Anjeli Vinod\workspace\IMDb\lib\htmlunit-core-js-2.15.jar;C:\Users\Anjeli Vinod\workspace\IMDb\lib\httpclient-4.3.4.jar;C:\Users\Anjeli Vinod\workspace\IMDb\lib\httpcore-4.3.2.jar;C:\Users\Anjeli Vinod\workspace\IMDb\lib\httpmime-4.3.4.jar;C:\Users\Anjeli Vinod\workspace\IMDb\lib\ini4j-0.5.2.jar;C:\Users\Anjeli Vinod\workspace\IMDb\lib\jasper-compiler-5.5.15.jar;C:\Users\Anjeli Vinod\workspace\IMDb\lib\jasper-compiler-jdt-5.5.15.jar;C:\Users\Anjeli Vinod\workspace\IMDb\lib\jasper-runtime-5.5.15.jar;C:\Users\Anjeli Vinod\workspace\IMDb\lib\java-mail-1.4.4.jar;C:\Users\Anjeli Vinod\workspace\IMDb\lib\javamail-mailapi-1.4.jar;C:\Users\Anjeli Vinod\workspace\IMDb\lib\javax.activation.jar;C:\Users\Anjeli Vinod\workspace\IMDb\lib\javax.mail.jar;C:\Users\Anjeli Vinod\workspace\IMDb\lib\jcip-annotations-1.0.jar;C:\Users\Anjeli Vinod\workspace\IMDb\lib\jcommander-1.29.jar;C:\Users\Anjeli Vinod\workspace\IMDb\lib\jersey-bundle-1.19.jar;C:\Users\Anjeli Vinod\workspace\IMDb\lib\jetty-repacked-5.jar;C:\Users\Anjeli Vinod\workspace\IMDb\lib\jetty-repacked-7.6.1.jar;C:\Users\Anjeli Vinod\workspace\IMDb\lib\jetty-websocket-8.1.8.jar;C:\Users\Anjeli Vinod\workspace\IMDb\lib\jna-3.4.0.jar;C:\Users\Anjeli Vinod\workspace\IMDb\lib\jna-platform-3.4.0.jar;C:\Users\Anjeli Vinod\workspace\IMDb\lib\json-20080701.jar;C:\Users\Anjeli Vinod\workspace\IMDb\lib\json-simple-1.1.1.jar;C:\Users\Anjeli Vinod\workspace\IMDb\lib\jsp-api-2.0.jar;C:\Users\Anjeli Vinod\workspace\IMDb\lib\junit-dep-4.11.jar;C:\Users\Anjeli Vinod\workspace\IMDb\lib\jxl.jar;C:\Users\Anjeli Vinod\workspace\IMDb\lib\log4j-1.2.17.jar;C:\Users\Anjeli Vinod\workspace\IMDb\lib\mail.jar;C:\Users\Anjeli Vinod\workspace\IMDb\lib\mx4j-tools-3.0.1.jar;C:\Users\Anjeli Vinod\workspace\IMDb\lib\nekohtml-1.9.21.jar;C:\Users\Anjeli Vinod\workspace\IMDb\lib\netty-3.5.7.Final.jar;C:\Users\Anjeli Vinod\workspace\IMDb\lib\operadriver-1.5.jar;C:\Users\Anjeli Vinod\workspace\IMDb\lib\phantomjsdriver-1.1.0.jar;C:\Users\Anjeli Vinod\workspace\IMDb\lib\protobuf-java-2.4.1.jar;C:\Users\Anjeli Vinod\workspace\IMDb\lib\sac-1.3.jar;C:\Users\Anjeli Vinod\workspace\IMDb\lib\saxon-8.7.jar;C:\Users\Anjeli Vinod\workspace\IMDb\lib\selenium-server-2.43.1-srcs.jar;C:\Users\Anjeli Vinod\workspace\IMDb\lib\selenium-server-2.43.1.jar;C:\Users\Anjeli Vinod\workspace\IMDb\lib\selenium-server-standalone-2.43.1.jar;C:\Users\Anjeli Vinod\workspace\IMDb\lib\serializer-2.7.1.jar;C:\Users\Anjeli Vinod\workspace\IMDb\lib\servlet-api-2.5-6.1.9.jar;C:\Users\Anjeli Vinod\workspace\IMDb\lib\snakeyaml-1.8.jar;C:\Users\Anjeli Vinod\workspace\IMDb\lib\testng-6.8.5.jar;C:\Users\Anjeli Vinod\workspace\IMDb\lib\xalan-2.7.1.jar;C:\Users\Anjeli Vinod\workspace\IMDb\lib\xercesImpl-2.11.0.jar;C:\Users\Anjeli Vinod\workspace\IMDb\lib\xml-apis-1.4.01.jar;C:\Users\Anjeli Vinod\workspace\IMDb\build'
'org.testng.TestNG'
'@C:\Users\ANJELI~1\AppData\Local\Temp\testng5381788446082927223'

The ' characters around the executable and arguments are
not part of the command.
   [testng] [TestNG] Running:
   [testng]   C:\Users\Anjeli Vinod\workspace\IMDb\testng.xml
   [testng] 
   [testng] (23:30:16,929) ImdbTest : INFO  - Initiating the test ImdbTest
   [testng] (23:30:16,944) BaseTest : INFO  - Entering init function
   [testng] Starting ChromeDriver 2.16.333243 (0bfa1d3575fc1044244f21ddb82bf870944ef961) on port 34720
   [testng] Only local connections are allowed.
   [testng] Successfully launch the url portal
   [testng] (23:30:45,161) IMDbChartsPage : INFO  - Entering verifyMoviesearch function
   [testng] (23:30:50,733) IMDbChartsPage : INFO  - 1. The Shawshank Redemption (1994) 9.2
   [testng] 2. The Godfather (1972) 9.2
   [testng] 3. The Godfather: Part II (1974) 9.0
   [testng] 4. The Dark Knight (2008) 8.9
   [testng] 5. 12 Angry Men (1957) 8.9
   [testng] 6. Pulp Fiction (1994) 8.9
   [testng] 7. Schindler's List (1993) 8.9
   [testng] 8. The Good, the Bad and the Ugly (1966) 8.9
   [testng] 9. The Lord of the Rings: The Return of the King (2003) 8.9
   [testng] 10. Fight Club (1999) 8.8
   [testng] 11. The Lord of the Rings: The Fellowship of the Ring (2001) 8.8
   [testng] 12. Star Wars: Episode V - The Empire Strikes Back (1980) 8.7
   [testng] 13. Forrest Gump (1994) 8.7
   [testng] 14. Inception (2010) 8.7
   [testng] 15. One Flew Over the Cuckoo's Nest (1975) 8.7
   [testng] 16. The Lord of the Rings: The Two Towers (2002) 8.7
   [testng] 17. Goodfellas (1990) 8.7
   [testng] 18. The Matrix (1999) 8.7
   [testng] 19. Star Wars: Episode IV - A New Hope (1977) 8.7
   [testng] 20. Seven Samurai (1954) 8.7
   [testng] 21. City of God (2002) 8.6
   [testng] 22. Se7en (1995) 8.6
   [testng] 23. The Silence of the Lambs (1991) 8.6
   [testng] 24. The Usual Suspects (1995) 8.6
   [testng] 25. It's a Wonderful Life (1946) 8.6
   [testng] 26. Life Is Beautiful (1997) 8.6
   [testng] 27. Léon: The Professional (1994) 8.6
   [testng] 28. Once Upon a Time in the West (1968) 8.6
   [testng] 29. Interstellar (2014) 8.6
   [testng] 30. Saving Private Ryan (1998) 8.5
   [testng] 31. Casablanca (1942) 8.5
   [testng] 32. American History X (1998) 8.5
   [testng] 33. Spirited Away (2001) 8.5
   [testng] 34. City Lights (1931) 8.5
   [testng] 35. Raiders of the Lost Ark (1981) 8.5
   [testng] 36. Psycho (1960) 8.5
   [testng] 37. Rear Window (1954) 8.5
   [testng] 38. The Intouchables (2011) 8.5
   [testng] 39. Modern Times (1936) 8.5
   [testng] 40. Whiplash (2014) 8.5
   [testng] 41. Terminator 2: Judgment Day (1991) 8.5
   [testng] 42. The Green Mile (1999) 8.5
   [testng] 43. The Pianist (2002) 8.5
   [testng] 44. Memento (2000) 8.5
   [testng] 45. The Departed (2006) 8.5
   [testng] 46. Gladiator (2000) 8.5
   [testng] 47. Apocalypse Now (1979) 8.5
   [testng] 48. Back to the Future (1985) 8.5
   [testng] 49. Sunset Blvd. (1950) 8.5
   [testng] 50. Dr. Strangelove or: How I Learned to Stop Worrying and Love the Bomb (1964) 8.5
   [testng] 51. Inside Out (2015) 8.5
   [testng] 52. The Prestige (2006) 8.5
   [testng] 53. Alien (1979) 8.5
   [testng] 54. The Lion King (1994) 8.4
   [testng] 55. The Lives of Others (2006) 8.4
   [testng] 56. The Great Dictator (1940) 8.4
   [testng] 57. Cinema Paradiso (1988) 8.4
   [testng] 58. The Shining (1980) 8.4
   [testng] 59. Django Unchained (2012) 8.4
   [testng] 60. Paths of Glory (1957) 8.4
   [testng] 61. The Dark Knight Rises (2012) 8.4
   [testng] 62. WALL·E (2008) 8.4
   [testng] 63. American Beauty (1999) 8.4
   [testng] 64. Grave of the Fireflies (1988) 8.4
   [testng] 65. Aliens (1986) 8.4
   [testng] 66. Citizen Kane (1941) 8.4
   [testng] 67. North by Northwest (1959) 8.4
   [testng] 68. Vertigo (1958) 8.4
   [testng] 69. Oldboy (2003) 8.4
   [testng] 70. Princess Mononoke (1997) 8.4
   [testng] 71. Das Boot (1981) 8.4
   [testng] 72. M (1931) 8.4
   [testng] 73. Star Wars: Episode VI - Return of the Jedi (1983) 8.4
   [testng] 74. Amélie (2001) 8.4
   [testng] 75. Once Upon a Time in America (1984) 8.4
   [testng] 76. Toy Story 3 (2010) 8.3
   [testng] 77. Reservoir Dogs (1992) 8.3
   [testng] 78. Witness for the Prosecution (1957) 8.3
   [testng] 79. Braveheart (1995) 8.3
   [testng] 80. A Clockwork Orange (1971) 8.3
   [testng] 81. Double Indemnity (1944) 8.3
   [testng] 82. Taxi Driver (1976) 8.3
   [testng] 83. Requiem for a Dream (2000) 8.3
   [testng] 84. To Kill a Mockingbird (1962) 8.3
   [testng] 85. Lawrence of Arabia (1962) 8.3
   [testng] 86. Eternal Sunshine of the Spotless Mind (2004) 8.3
   [testng] 87. Full Metal Jacket (1987) 8.3
   [testng] 88. The Sting (1973) 8.3
   [testng] 89. Mad Max: Fury Road (2015) 8.3
   [testng] 90. Amadeus (1984) 8.3
   [testng] 91. Bicycle Thieves (1948) 8.3
   [testng] 92. Singin' in the Rain (1952) 8.3
   [testng] 93. Monty Python and the Holy Grail (1975) 8.3
   [testng] 94. Snatch. (2000) 8.3
   [testng] 95. 2001: A Space Odyssey (1968) 8.3
   [testng] 96. The Kid (1921) 8.3
   [testng] 97. For a Few Dollars More (1965) 8.3
   [testng] 98. L.A. Confidential (1997) 8.3
   [testng] 99. Rashomon (1950) 8.3
   [testng] 100. All About Eve (1950) 8.3
   [testng] 101. Toy Story (1995) 8.3
   [testng] 102. The Apartment (1960) 8.3
   [testng] 103. Inglourious Basterds (2009) 8.3
   [testng] 104. The Treasure of the Sierra Madre (1948) 8.3
   [testng] 105. A Separation (2011) 8.3
   [testng] 106. Indiana Jones and the Last Crusade (1989) 8.3
   [testng] 107. Metropolis (1927) 8.3
   [testng] 108. Yojimbo (1961) 8.3
   [testng] 109. The Third Man (1949) 8.3
   [testng] 110. Batman Begins (2005) 8.3
   [testng] 111. Some Like It Hot (1959) 8.3
   [testng] 112. Scarface (1983) 8.3
   [testng] 113. Unforgiven (1992) 8.3
   [testng] 114. Up (2009) 8.2
   [testng] 115. 3 Idiots (2009) 8.2
   [testng] 116. Raging Bull (1980) 8.2
   [testng] 117. Downfall (2004) 8.2
   [testng] 118. Chinatown (1974) 8.2
   [testng] 119. The Hunt (2012) 8.2
   [testng] 120. The Great Escape (1963) 8.2
   [testng] 121. Die Hard (1988) 8.2
   [testng] 122. Good Will Hunting (1997) 8.2
   [testng] 123. On the Waterfront (1954) 8.2
   [testng] 124. Heat (1995) 8.2
   [testng] 125. Pan's Labyrinth (2006) 8.2
   [testng] 126. Mr. Smith Goes to Washington (1939) 8.2
   [testng] 127. The Bridge on the River Kwai (1957) 8.2
   [testng] 128. My Neighbor Totoro (1988) 8.2
   [testng] 129. Ikiru (1952) 8.2
   [testng] 130. Ran (1985) 8.2
   [testng] 131. The Seventh Seal (1957) 8.2
   [testng] 132. The Gold Rush (1925) 8.2
   [testng] 133. Wild Strawberries (1957) 8.2
   [testng] 134. Blade Runner (1982) 8.2
   [testng] 135. The General (1926) 8.2
   [testng] 136. The Secret in Their Eyes (2009) 8.2
   [testng] 137. Lock, Stock and Two Smoking Barrels (1998) 8.2
   [testng] 138. The Elephant Man (1980) 8.2
   [testng] 139. Casino (1995) 8.2
   [testng] 140. The Wolf of Wall Street (2013) 8.2
   [testng] 141. Howl's Moving Castle (2004) 8.2
   [testng] 142. Warrior (2011) 8.2
   [testng] 143. Gran Torino (2008) 8.2
   [testng] 144. V for Vendetta (2005) 8.2
   [testng] 145. The Big Lebowski (1998) 8.2
   [testng] 146. Rebecca (1940) 8.2
   [testng] 147. Judgment at Nuremberg (1961) 8.1
   [testng] 148. A Beautiful Mind (2001) 8.1
   [testng] 149. The Deer Hunter (1978) 8.1
   [testng] 150. Cool Hand Luke (1967) 8.1
   [testng] 151. How to Train Your Dragon (2010) 8.1
   [testng] 152. Fargo (1996) 8.1
   [testng] 153. Gone with the Wind (1939) 8.1
   [testng] 154. Trainspotting (1996) 8.1
   [testng] 155. It Happened One Night (1934) 8.1
   [testng] 156. Gone Girl (2014) 8.1
   [testng] 157. Into the Wild (2007) 8.1
   [testng] 158. Dial M for Murder (1954) 8.1
   [testng] 159. The Sixth Sense (1999) 8.1
   [testng] 160. Rush (2013) 8.1
   [testng] 161. The Maltese Falcon (1941) 8.1
   [testng] 162. Finding Nemo (2003) 8.1
   [testng] 163. Mary and Max (2009) 8.1
   [testng] 164. The Thing (1982) 8.1
   [testng] 165. No Country for Old Men (2007) 8.1
   [testng] 166. Hotel Rwanda (2004) 8.1
   [testng] 167. Incendies (2010) 8.1
   [testng] 168. Kill Bill: Vol. 1 (2003) 8.1
   [testng] 169. The Wages of Fear (1953) 8.1
   [testng] 170. Platoon (1986) 8.1
   [testng] 171. Life of Brian (1979) 8.1
   [testng] 172. Butch Cassidy and the Sundance Kid (1969) 8.1
   [testng] 173. Network (1976) 8.1
   [testng] 174. There Will Be Blood (2007) 8.1
   [testng] 175. Touch of Evil (1958) 8.1
   [testng] 176. The 400 Blows (1959) 8.1
   [testng] 177. Stand by Me (1986) 8.1
   [testng] 178. 12 Years a Slave (2013) 8.1
   [testng] 179. Annie Hall (1977) 8.1
   [testng] 180. Persona (1966) 8.1
   [testng] 181. The Princess Bride (1987) 8.1
   [testng] 182. The Grand Budapest Hotel (2014) 8.1
   [testng] 183. Amores Perros (2000) 8.1
   [testng] 184. In the Name of the Father (1993) 8.1
   [testng] 185. Million Dollar Baby (2004) 8.1
   [testng] 186. Ben-Hur (1959) 8.1
   [testng] 187. The Grapes of Wrath (1940) 8.1
   [testng] 188. Hachi: A Dog's Tale (2009) 8.1
   [testng] 189. Nausicaä of the Valley of the Wind (1984) 8.1
   [testng] 190. Diabolique (1955) 8.1
   [testng] 191. Sin City (2005) 8.1
   [testng] 192. Shutter Island (2010) 8.1
   [testng] 193. Stalker (1979) 8.1
   [testng] 194. The Best Years of Our Lives (1946) 8.1
   [testng] 195. The Wizard of Oz (1939) 8.1
   [testng] 196. Gandhi (1982) 8.1
   [testng] 197. The Bourne Ultimatum (2007) 8.1
   [testng] 198. Donnie Darko (2001) 8.1
   [testng] 199. 8½ (1963) 8.1
   [testng] 200. Strangers on a Train (1951) 8.0
   [testng] 201. The Avengers (2012) 8.0
   [testng] 202. Wild Tales (2014) 8.0
   [testng] 203. Jurassic Park (1993) 8.0
   [testng] 204. Before Sunrise (1995) 8.0
   [testng] 205. The Battle of Algiers (1966) 8.0
   [testng] 206. Twelve Monkeys (1995) 8.0
   [testng] 207. Infernal Affairs (2002) 8.0
   [testng] 208. Throne of Blood (1957) 8.0
   [testng] 209. The Terminator (1984) 8.0
   [testng] 210. Jaws (1975) 8.0
   [testng] 211. Guardians of the Galaxy (2014) 8.0
   [testng] 212. Fanny and Alexander (1982) 8.0
   [testng] 213. Groundhog Day (1993) 8.0
   [testng] 214. Memories of Murder (2003) 8.0
   [testng] 215. Monsters, Inc. (2001) 8.0
   [testng] 216. Harry Potter and the Deathly Hallows: Part 2 (2011) 8.0
   [testng] 217. Rocky (1976) 8.0
   [testng] 218. Barry Lyndon (1975) 8.0
   [testng] 219. The Truman Show (1998) 8.0
   [testng] 220. High Noon (1952) 8.0
   [testng] 221. Dog Day Afternoon (1975) 8.0
   [testng] 222. The King's Speech (2010) 8.0
   [testng] 223. The Imitation Game (2014) 8.0
   [testng] 224. Ip Man (2008) 8.0
   [testng] 225. La Haine (1995) 8.0
   [testng] 226. A Fistful of Dollars (1964) 8.0
   [testng] 227. Notorious (1946) 8.0
   [testng] 228. Pirates of the Caribbean: The Curse of the Black Pearl (2003) 8.0
   [testng] 229. Castle in the Sky (1986) 8.0
   [testng] 230. Who's Afraid of Virginia Woolf? (1966) 8.0
   [testng] 231. The Help (2011) 8.0
   [testng] 232. Roman Holiday (1953) 8.0
   [testng] 233. Prisoners (2013) 8.0
   [testng] 234. The Night of the Hunter (1955) 8.0
   [testng] 235. La Strada (1954) 8.0
   [testng] 236. Spring, Summer, Fall, Winter... and Spring (2003) 8.0
   [testng] 237. Underground (1995) 8.0
   [testng] 238. X-Men: Days of Future Past (2014) 8.0
   [testng] 239. Beauty and the Beast (1991) 8.0
   [testng] 240. Gangs of Wasseypur (2012) 8.0
   [testng] 241. The Big Sleep (1946) 8.0
   [testng] 242. Papillon (1973) 8.0
   [testng] 243. Before Sunset (2004) 8.0
   [testng] 244. Akira (1988) 8.0
   [testng] 245. The Killing (1956) 8.0
   [testng] 246. What Ever Happened to Baby Jane? (1962) 8.0
   [testng] 247. The Graduate (1967) 8.0
   [testng] 248. Lagaan: Once Upon a Time in India (2001) 8.0
   [testng] 249. Departures (2008) 8.0
   [testng] 250. Three Colors: Red (1994) 8.0
   [testng] (23:30:59,565) IMDbChartsPage : INFO  - 1. The Shawshank Redemption (1994) 9.2
   [testng] 2. The Godfather (1972) 9.2
   [testng] 3. The Godfather: Part II (1974) 9.0
   [testng] 4. The Dark Knight (2008) 8.9
   [testng] 5. 12 Angry Men (1957) 8.9
   [testng] 6. Pulp Fiction (1994) 8.9
   [testng] 7. Schindler's List (1993) 8.9
   [testng] 8. The Good, the Bad and the Ugly (1966) 8.9
   [testng] 9. The Lord of the Rings: The Return of the King (2003) 8.9
   [testng] 10. Fight Club (1999) 8.8
   [testng] 11. The Lord of the Rings: The Fellowship of the Ring (2001) 8.8
   [testng] 12. Star Wars: Episode V - The Empire Strikes Back (1980) 8.7
   [testng] 13. Forrest Gump (1994) 8.7
   [testng] 14. Inception (2010) 8.7
   [testng] 15. One Flew Over the Cuckoo's Nest (1975) 8.7
   [testng] 16. The Lord of the Rings: The Two Towers (2002) 8.7
   [testng] 17. Goodfellas (1990) 8.7
   [testng] 18. The Matrix (1999) 8.7
   [testng] 19. Star Wars: Episode IV - A New Hope (1977) 8.7
   [testng] 20. Seven Samurai (1954) 8.7
   [testng] 21. City of God (2002) 8.6
   [testng] 22. Se7en (1995) 8.6
   [testng] 23. The Silence of the Lambs (1991) 8.6
   [testng] 24. The Usual Suspects (1995) 8.6
   [testng] 25. It's a Wonderful Life (1946) 8.6
   [testng] 26. Life Is Beautiful (1997) 8.6
   [testng] 27. Léon: The Professional (1994) 8.6
   [testng] 28. Once Upon a Time in the West (1968) 8.6
   [testng] 29. Interstellar (2014) 8.6
   [testng] 30. Saving Private Ryan (1998) 8.5
   [testng] 31. Casablanca (1942) 8.5
   [testng] 32. American History X (1998) 8.5
   [testng] 33. Spirited Away (2001) 8.5
   [testng] 34. City Lights (1931) 8.5
   [testng] 35. Raiders of the Lost Ark (1981) 8.5
   [testng] 36. Psycho (1960) 8.5
   [testng] 37. Rear Window (1954) 8.5
   [testng] 38. The Intouchables (2011) 8.5
   [testng] 39. Modern Times (1936) 8.5
   [testng] 40. Whiplash (2014) 8.5
   [testng] 41. Terminator 2: Judgment Day (1991) 8.5
   [testng] 42. The Green Mile (1999) 8.5
   [testng] 43. The Pianist (2002) 8.5
   [testng] 44. Memento (2000) 8.5
   [testng] 45. The Departed (2006) 8.5
   [testng] 46. Gladiator (2000) 8.5
   [testng] 47. Apocalypse Now (1979) 8.5
   [testng] 48. Back to the Future (1985) 8.5
   [testng] 49. Sunset Blvd. (1950) 8.5
   [testng] 50. Dr. Strangelove or: How I Learned to Stop Worrying and Love the Bomb (1964) 8.5
   [testng] 51. Inside Out (2015) 8.5
   [testng] 52. The Prestige (2006) 8.5
   [testng] 53. Alien (1979) 8.5
   [testng] 54. The Lion King (1994) 8.4
   [testng] 55. The Lives of Others (2006) 8.4
   [testng] 56. The Great Dictator (1940) 8.4
   [testng] 57. Cinema Paradiso (1988) 8.4
   [testng] 58. The Shining (1980) 8.4
   [testng] 59. Django Unchained (2012) 8.4
   [testng] 60. Paths of Glory (1957) 8.4
   [testng] 61. The Dark Knight Rises (2012) 8.4
   [testng] 62. WALL·E (2008) 8.4
   [testng] 63. American Beauty (1999) 8.4
   [testng] 64. Grave of the Fireflies (1988) 8.4
   [testng] 65. Aliens (1986) 8.4
   [testng] 66. Citizen Kane (1941) 8.4
   [testng] 67. North by Northwest (1959) 8.4
   [testng] 68. Vertigo (1958) 8.4
   [testng] 69. Oldboy (2003) 8.4
   [testng] 70. Princess Mononoke (1997) 8.4
   [testng] 71. Das Boot (1981) 8.4
   [testng] 72. M (1931) 8.4
   [testng] 73. Star Wars: Episode VI - Return of the Jedi (1983) 8.4
   [testng] 74. Amélie (2001) 8.4
   [testng] 75. Once Upon a Time in America (1984) 8.4
   [testng] 76. Toy Story 3 (2010) 8.3
   [testng] 77. Reservoir Dogs (1992) 8.3
   [testng] 78. Witness for the Prosecution (1957) 8.3
   [testng] 79. Braveheart (1995) 8.3
   [testng] 80. A Clockwork Orange (1971) 8.3
   [testng] 81. Double Indemnity (1944) 8.3
   [testng] 82. Taxi Driver (1976) 8.3
   [testng] 83. Requiem for a Dream (2000) 8.3
   [testng] 84. To Kill a Mockingbird (1962) 8.3
   [testng] 85. Lawrence of Arabia (1962) 8.3
   [testng] 86. Eternal Sunshine of the Spotless Mind (2004) 8.3
   [testng] 87. Full Metal Jacket (1987) 8.3
   [testng] 88. The Sting (1973) 8.3
   [testng] 89. Mad Max: Fury Road (2015) 8.3
   [testng] 90. Amadeus (1984) 8.3
   [testng] 91. Bicycle Thieves (1948) 8.3
   [testng] 92. Singin' in the Rain (1952) 8.3
   [testng] 93. Monty Python and the Holy Grail (1975) 8.3
   [testng] 94. Snatch. (2000) 8.3
   [testng] 95. 2001: A Space Odyssey (1968) 8.3
   [testng] 96. The Kid (1921) 8.3
   [testng] 97. For a Few Dollars More (1965) 8.3
   [testng] 98. L.A. Confidential (1997) 8.3
   [testng] 99. Rashomon (1950) 8.3
   [testng] 100. All About Eve (1950) 8.3
   [testng] 101. Toy Story (1995) 8.3
   [testng] 102. The Apartment (1960) 8.3
   [testng] 103. Inglourious Basterds (2009) 8.3
   [testng] 104. The Treasure of the Sierra Madre (1948) 8.3
   [testng] 105. A Separation (2011) 8.3
   [testng] 106. Indiana Jones and the Last Crusade (1989) 8.3
   [testng] 107. Metropolis (1927) 8.3
   [testng] 108. Yojimbo (1961) 8.3
   [testng] 109. The Third Man (1949) 8.3
   [testng] 110. Batman Begins (2005) 8.3
   [testng] 111. Some Like It Hot (1959) 8.3
   [testng] 112. Scarface (1983) 8.3
   [testng] 113. Unforgiven (1992) 8.3
   [testng] 114. Up (2009) 8.2
   [testng] 115. 3 Idiots (2009) 8.2
   [testng] 116. Raging Bull (1980) 8.2
   [testng] 117. Downfall (2004) 8.2
   [testng] 118. Chinatown (1974) 8.2
   [testng] 119. The Hunt (2012) 8.2
   [testng] 120. The Great Escape (1963) 8.2
   [testng] 121. Die Hard (1988) 8.2
   [testng] 122. Good Will Hunting (1997) 8.2
   [testng] 123. On the Waterfront (1954) 8.2
   [testng] 124. Heat (1995) 8.2
   [testng] 125. Pan's Labyrinth (2006) 8.2
   [testng] 126. Mr. Smith Goes to Washington (1939) 8.2
   [testng] 127. The Bridge on the River Kwai (1957) 8.2
   [testng] 128. My Neighbor Totoro (1988) 8.2
   [testng] 129. Ikiru (1952) 8.2
   [testng] 130. Ran (1985) 8.2
   [testng] 131. The Seventh Seal (1957) 8.2
   [testng] 132. The Gold Rush (1925) 8.2
   [testng] 133. Wild Strawberries (1957) 8.2
   [testng] 134. Blade Runner (1982) 8.2
   [testng] 135. The General (1926) 8.2
   [testng] 136. The Secret in Their Eyes (2009) 8.2
   [testng] 137. Lock, Stock and Two Smoking Barrels (1998) 8.2
   [testng] 138. The Elephant Man (1980) 8.2
   [testng] 139. Casino (1995) 8.2
   [testng] 140. The Wolf of Wall Street (2013) 8.2
   [testng] 141. Howl's Moving Castle (2004) 8.2
   [testng] 142. Warrior (2011) 8.2
   [testng] 143. Gran Torino (2008) 8.2
   [testng] 144. V for Vendetta (2005) 8.2
   [testng] 145. The Big Lebowski (1998) 8.2
   [testng] 146. Rebecca (1940) 8.2
   [testng] 147. Judgment at Nuremberg (1961) 8.1
   [testng] 148. A Beautiful Mind (2001) 8.1
   [testng] 149. The Deer Hunter (1978) 8.1
   [testng] 150. Cool Hand Luke (1967) 8.1
   [testng] 151. How to Train Your Dragon (2010) 8.1
   [testng] 152. Fargo (1996) 8.1
   [testng] 153. Gone with the Wind (1939) 8.1
   [testng] 154. Trainspotting (1996) 8.1
   [testng] 155. It Happened One Night (1934) 8.1
   [testng] 156. Gone Girl (2014) 8.1
   [testng] 157. Into the Wild (2007) 8.1
   [testng] 158. Dial M for Murder (1954) 8.1
   [testng] 159. The Sixth Sense (1999) 8.1
   [testng] 160. Rush (2013) 8.1
   [testng] 161. The Maltese Falcon (1941) 8.1
   [testng] 162. Finding Nemo (2003) 8.1
   [testng] 163. Mary and Max (2009) 8.1
   [testng] 164. The Thing (1982) 8.1
   [testng] 165. No Country for Old Men (2007) 8.1
   [testng] 166. Hotel Rwanda (2004) 8.1
   [testng] 167. Incendies (2010) 8.1
   [testng] 168. Kill Bill: Vol. 1 (2003) 8.1
   [testng] 169. The Wages of Fear (1953) 8.1
   [testng] 170. Platoon (1986) 8.1
   [testng] 171. Life of Brian (1979) 8.1
   [testng] 172. Butch Cassidy and the Sundance Kid (1969) 8.1
   [testng] 173. Network (1976) 8.1
   [testng] 174. There Will Be Blood (2007) 8.1
   [testng] 175. Touch of Evil (1958) 8.1
   [testng] 176. The 400 Blows (1959) 8.1
   [testng] 177. Stand by Me (1986) 8.1
   [testng] 178. 12 Years a Slave (2013) 8.1
   [testng] 179. Annie Hall (1977) 8.1
   [testng] 180. Persona (1966) 8.1
   [testng] 181. The Princess Bride (1987) 8.1
   [testng] 182. The Grand Budapest Hotel (2014) 8.1
   [testng] 183. Amores Perros (2000) 8.1
   [testng] 184. In the Name of the Father (1993) 8.1
   [testng] 185. Million Dollar Baby (2004) 8.1
   [testng] 186. Ben-Hur (1959) 8.1
   [testng] 187. The Grapes of Wrath (1940) 8.1
   [testng] 188. Hachi: A Dog's Tale (2009) 8.1
   [testng] 189. Nausicaä of the Valley of the Wind (1984) 8.1
   [testng] 190. Diabolique (1955) 8.1
   [testng] 191. Sin City (2005) 8.1
   [testng] 192. Shutter Island (2010) 8.1
   [testng] 193. Stalker (1979) 8.1
   [testng] 194. The Best Years of Our Lives (1946) 8.1
   [testng] 195. The Wizard of Oz (1939) 8.1
   [testng] 196. Gandhi (1982) 8.1
   [testng] 197. The Bourne Ultimatum (2007) 8.1
   [testng] 198. Donnie Darko (2001) 8.1
   [testng] 199. 8½ (1963) 8.1
   [testng] 200. Strangers on a Train (1951) 8.0
   [testng] 201. The Avengers (2012) 8.0
   [testng] 202. Wild Tales (2014) 8.0
   [testng] 203. Jurassic Park (1993) 8.0
   [testng] 204. Before Sunrise (1995) 8.0
   [testng] 205. The Battle of Algiers (1966) 8.0
   [testng] 206. Twelve Monkeys (1995) 8.0
   [testng] 207. Infernal Affairs (2002) 8.0
   [testng] 208. Throne of Blood (1957) 8.0
   [testng] 209. The Terminator (1984) 8.0
   [testng] 210. Jaws (1975) 8.0
   [testng] 211. Guardians of the Galaxy (2014) 8.0
   [testng] 212. Fanny and Alexander (1982) 8.0
   [testng] 213. Groundhog Day (1993) 8.0
   [testng] 214. Memories of Murder (2003) 8.0
   [testng] 215. Monsters, Inc. (2001) 8.0
   [testng] 216. Harry Potter and the Deathly Hallows: Part 2 (2011) 8.0
   [testng] 217. Rocky (1976) 8.0
   [testng] 218. Barry Lyndon (1975) 8.0
   [testng] 219. The Truman Show (1998) 8.0
   [testng] 220. High Noon (1952) 8.0
   [testng] 221. Dog Day Afternoon (1975) 8.0
   [testng] 222. The King's Speech (2010) 8.0
   [testng] 223. The Imitation Game (2014) 8.0
   [testng] 224. Ip Man (2008) 8.0
   [testng] 225. La Haine (1995) 8.0
   [testng] 226. A Fistful of Dollars (1964) 8.0
   [testng] 227. Notorious (1946) 8.0
   [testng] 228. Pirates of the Caribbean: The Curse of the Black Pearl (2003) 8.0
   [testng] 229. Castle in the Sky (1986) 8.0
   [testng] 230. Who's Afraid of Virginia Woolf? (1966) 8.0
   [testng] 231. The Help (2011) 8.0
   [testng] 232. Roman Holiday (1953) 8.0
   [testng] 233. Prisoners (2013) 8.0
   [testng] 234. The Night of the Hunter (1955) 8.0
   [testng] 235. La Strada (1954) 8.0
   [testng] 236. Spring, Summer, Fall, Winter... and Spring (2003) 8.0
   [testng] 237. Underground (1995) 8.0
   [testng] 238. X-Men: Days of Future Past (2014) 8.0
   [testng] 239. Beauty and the Beast (1991) 8.0
   [testng] 240. Gangs of Wasseypur (2012) 8.0
   [testng] 241. The Big Sleep (1946) 8.0
   [testng] 242. Papillon (1973) 8.0
   [testng] 243. Before Sunset (2004) 8.0
   [testng] 244. Akira (1988) 8.0
   [testng] 245. The Killing (1956) 8.0
   [testng] 246. What Ever Happened to Baby Jane? (1962) 8.0
   [testng] 247. The Graduate (1967) 8.0
   [testng] 248. Lagaan: Once Upon a Time in India (2001) 8.0
   [testng] 249. Departures (2008) 8.0
   [testng] 250. Three Colors: Red (1994) 8.0
   [testng] (23:30:59,707) IMDbChartsPage : INFO  - Successfully found cell: 
   [testng] (23:30:59,769) IMDbChartsPage : INFO  - Successfully clicked on movie
   [testng] (23:30:59,770) IMDbChartsPage : INFO  - Entering selectbyVisibleText
   [testng] (23:30:59,874) IMDbChartsPage : INFO  - Created selection object
   [testng] (23:30:59,935) IMDbChartsPage : INFO  - selection is successful
   [testng] (23:30:59,936) IMDbChartsPage : INFO  - Entering selectbyVisibleText
   [testng] (23:31:00,016) IMDbChartsPage : INFO  - Created selection object
   [testng] (23:31:00,592) IMDbChartsPage : INFO  - selection is successful
   [testng] (23:31:00,593) IMDbChartsPage : INFO  - Entering selectbyVisibleText
   [testng] (23:31:00,675) IMDbChartsPage : INFO  - Created selection object
   [testng] (23:31:01,293) IMDbChartsPage : INFO  - selection is successful
   [testng] (23:31:01,295) IMDbChartsPage : INFO  - Entering selectbyVisibleText
   [testng] (23:31:01,358) IMDbChartsPage : INFO  - Created selection object
   [testng] (23:31:01,754) IMDbChartsPage : INFO  - selection is successful
   [testng] (23:31:01,756) IMDbChartsPage : INFO  - Entering the  method clicktarget
   [testng] (23:31:03,554) ImdbTest : INFO  - Quiting the browser
   [testng] 
   [testng] ===============================================
   [testng] Suite1
   [testng] Total tests run: 7, Failures: 0, Skips: 0
   [testng] ===============================================
   [testng] 
runTests:  duration 49 seconds

report:
   [delete] Deleting directory C:\Users\Anjeli Vinod\workspace\IMDb\testng-xslt
   [delete] Deleting C:\Users\Anjeli Vinod\workspace\IMDb\testng-xslt\index.html
   [delete] Deleting C:\Users\Anjeli Vinod\workspace\IMDb\testng-xslt\main.js
   [delete] Deleting C:\Users\Anjeli Vinod\workspace\IMDb\testng-xslt\navigation.html
   [delete] Deleting C:\Users\Anjeli Vinod\workspace\IMDb\testng-xslt\overview-chart.svg
   [delete] Deleting C:\Users\Anjeli Vinod\workspace\IMDb\testng-xslt\overview.html
   [delete] Deleting C:\Users\Anjeli Vinod\workspace\IMDb\testng-xslt\reporterOutput.html
   [delete] Deleting C:\Users\Anjeli Vinod\workspace\IMDb\testng-xslt\style.css
   [delete] Deleting C:\Users\Anjeli Vinod\workspace\IMDb\testng-xslt\Suite1.html
   [delete] Deleting C:\Users\Anjeli Vinod\workspace\IMDb\testng-xslt\Suite1_groups.html
   [delete] Deleting C:\Users\Anjeli Vinod\workspace\IMDb\testng-xslt\Suite1_SanityTest.html
   [delete] Deleting directory C:\Users\Anjeli Vinod\workspace\IMDb\testng-xslt
    [mkdir] Created dir: C:\Users\Anjeli Vinod\workspace\IMDb\testng-xslt
     [xslt] Using class SaxonLiaison
     [xslt] Processing C:\Users\Anjeli Vinod\workspace\IMDb\test-output\testng-results.xml to C:\Users\Anjeli Vinod\workspace\IMDb\testng-xslt\index.html
     [xslt] Loading stylesheet C:\Users\Anjeli Vinod\workspace\IMDb\src\xslt\testng-results.xsl
report:  duration 2 seconds

BUILD SUCCESSFUL
